<?xml version="1.0" encoding="UTF-8"?>
<!-- Generated by org.testng.reporters.JUnitReportReporter -->
<testsuite skipped="0" hostname="DESKTOP-9QSD73T" name="com.TestRunner.TestExecutionwindow" tests="1" failures="0" timestamp="12 Sep 2019 10:53:54 GMT" time="8.823" errors="0">
  <testcase name="executionwindow" time="8.823" classname="com.TestRunner.TestExecutionwindow"/>
</testsuite> <!-- com.TestRunner.TestExecutionwindow -->
