<?xml version="1.0" encoding="UTF-8"?>
<!-- Generated by org.testng.reporters.JUnitReportReporter -->
<testsuite skipped="1" hostname="DESKTOP-9QSD73T" name="com.Testcases.HRMTestcase1" tests="1" failures="0" timestamp="06 Aug 2019 10:39:06 GMT" time="0.000" errors="0">
  <testcase name="testcase2" time="0.000" classname="com.Testcases.HRMTestcase1">
    <skipped/>
  </testcase> <!-- testcase2 -->
</testsuite> <!-- com.Testcases.HRMTestcase1 -->
