<?xml version="1.0" encoding="UTF-8"?>
<!-- Generated by org.testng.reporters.JUnitReportReporter -->
<testsuite skipped="0" hostname="DESKTOP-9QSD73T" name="com.TestRunner.Test1" tests="1" failures="0" timestamp="06 Aug 2019 11:48:50 GMT" time="13.266" errors="0">
  <testcase name="executionwindow" time="13.266" classname="com.TestRunner.Test1"/>
</testsuite> <!-- com.TestRunner.Test1 -->
